2018-03-13 19:57:41.354 [main] INFO -c.s.t.s.SelfhelpApplication - Starting SelfhelpApplication on USER-20170827PC with PID 8668 (F:\java\tts9\study\springBoot\selfhelp\target\classes started by Administrator in F:\java\tts9\study\springBoot\selfhelp)
2018-03-13 19:57:41.356 [main] INFO -c.s.t.s.SelfhelpApplication - No active profile set, falling back to default profiles: default
2018-03-13 19:57:41.474 [main] INFO -o.s.b.c.e.AnnotationConfigEmbeddedWebApplicationContext - Refreshing org.springframework.boot.context.embedded.AnnotationConfigEmbeddedWebApplicationContext@12cf7ab: startup date [Tue Mar 13 19:57:41 CST 2018]; root of context hierarchy
2018-03-13 19:57:41.697 [background-preinit] INFO -o.h.v.i.u.Version - HV000001: Hibernate Validator 5.3.6.Final
2018-03-13 19:57:43.364 [main] INFO -o.s.b.c.e.t.TomcatEmbeddedServletContainer - Tomcat initialized with port(s): 8181 (http)
2018-03-13 19:57:43.374 [main] INFO -o.a.c.c.StandardService - Starting service [Tomcat]
2018-03-13 19:57:43.375 [main] INFO -o.a.c.c.StandardEngine - Starting Servlet Engine: Apache Tomcat/8.5.27
2018-03-13 19:57:43.644 [localhost-startStop-1] INFO -o.a.c.c.C.[.[.[/] - Initializing Spring embedded WebApplicationContext
2018-03-13 19:57:43.644 [localhost-startStop-1] INFO -o.s.w.c.ContextLoader - Root WebApplicationContext: initialization completed in 2170 ms
2018-03-13 19:57:43.814 [localhost-startStop-1] INFO -o.s.b.w.s.ServletRegistrationBean - Mapping servlet: 'dispatcherServlet' to [/]
2018-03-13 19:57:43.821 [localhost-startStop-1] INFO -o.s.b.w.s.FilterRegistrationBean - Mapping filter: 'characterEncodingFilter' to: [/*]
2018-03-13 19:57:43.821 [localhost-startStop-1] INFO -o.s.b.w.s.FilterRegistrationBean - Mapping filter: 'hiddenHttpMethodFilter' to: [/*]
2018-03-13 19:57:43.821 [localhost-startStop-1] INFO -o.s.b.w.s.FilterRegistrationBean - Mapping filter: 'httpPutFormContentFilter' to: [/*]
2018-03-13 19:57:43.821 [localhost-startStop-1] INFO -o.s.b.w.s.FilterRegistrationBean - Mapping filter: 'requestContextFilter' to: [/*]
2018-03-13 19:57:44.240 [main] INFO -o.s.w.s.m.m.a.RequestMappingHandlerAdapter - Looking for @ControllerAdvice: org.springframework.boot.context.embedded.AnnotationConfigEmbeddedWebApplicationContext@12cf7ab: startup date [Tue Mar 13 19:57:41 CST 2018]; root of context hierarchy
2018-03-13 19:57:44.351 [main] INFO -o.s.w.s.m.m.a.RequestMappingHandlerMapping - Mapped "{[/user]}" onto public java.lang.String com.springboot.tongyuyan.selfhelp.controller.UserController.user()
2018-03-13 19:57:44.358 [main] INFO -o.s.w.s.m.m.a.RequestMappingHandlerMapping - Mapped "{[/error]}" onto public org.springframework.http.ResponseEntity<java.util.Map<java.lang.String, java.lang.Object>> org.springframework.boot.autoconfigure.web.BasicErrorController.error(javax.servlet.http.HttpServletRequest)
2018-03-13 19:57:44.359 [main] INFO -o.s.w.s.m.m.a.RequestMappingHandlerMapping - Mapped "{[/error],produces=[text/html]}" onto public org.springframework.web.servlet.ModelAndView org.springframework.boot.autoconfigure.web.BasicErrorController.errorHtml(javax.servlet.http.HttpServletRequest,javax.servlet.http.HttpServletResponse)
2018-03-13 19:57:44.407 [main] INFO -o.s.w.s.h.SimpleUrlHandlerMapping - Mapped URL path [/webjars/**] onto handler of type [class org.springframework.web.servlet.resource.ResourceHttpRequestHandler]
2018-03-13 19:57:44.407 [main] INFO -o.s.w.s.h.SimpleUrlHandlerMapping - Mapped URL path [/**] onto handler of type [class org.springframework.web.servlet.resource.ResourceHttpRequestHandler]
2018-03-13 19:57:44.453 [main] INFO -o.s.w.s.h.SimpleUrlHandlerMapping - Mapped URL path [/**/favicon.ico] onto handler of type [class org.springframework.web.servlet.resource.ResourceHttpRequestHandler]
2018-03-13 19:57:44.678 [main] INFO -o.s.j.e.a.AnnotationMBeanExporter - Registering beans for JMX exposure on startup
2018-03-13 19:57:44.773 [main] INFO -o.a.c.h.Http11NioProtocol - Initializing ProtocolHandler ["http-nio-8181"]
2018-03-13 19:57:44.785 [main] INFO -o.a.c.h.Http11NioProtocol - Starting ProtocolHandler ["http-nio-8181"]
2018-03-13 19:57:44.802 [main] INFO -o.a.t.u.n.NioSelectorPool - Using a shared selector for servlet write/read
2018-03-13 19:57:44.830 [main] INFO -o.s.b.c.e.t.TomcatEmbeddedServletContainer - Tomcat started on port(s): 8181 (http)
2018-03-13 19:57:44.835 [main] INFO -c.s.t.s.SelfhelpApplication - Started SelfhelpApplication in 3.916 seconds (JVM running for 7.708)
